--- Process 13864 created
--- Process 13864 loaded C:\Windows\System32\ntdll.dll at 00007ffc35b50000
--- Process 13864 loaded C:\Windows\System32\kernel32.dll at 00007ffc34b90000
--- Process 13864 loaded C:\Windows\System32\KernelBase.dll at 00007ffc33160000
--- Process 13864 loaded C:\Windows\System32\bcryptprimitives.dll at 00007ffc337d0000
--- Process 13864 loaded C:\Windows\System32\powrprof.dll at 00007ffc31c80000
--- Process 13864 loaded C:\Windows\System32\ucrtbase.dll at 00007ffc33040000
--- Process 13864 thread 21072 created
--- Process 13864 loaded C:\Windows\System32\rpcrt4.dll at 00007ffc34a70000
--- Process 13864 loaded C:\Windows\System32\umpdc.dll at 00007ffc31c60000
--- Process 13864 thread 23688 created
--- Process 13864 thread 20840 created
--- Process 13864 thread 5820 created
--- Process 13864 thread 15256 created
--- Process 13864 thread 5820 exited with status 0x0
--- Process 13864 thread 15256 exited with status 0x0
--- Process 13864 thread 23688 exited with status 0x0
--- Process 13864 thread 21072 exited with status 0x0
--- Process 13864 thread 20840 exited with status 0x0
--- Process 13864 exited with status 0x0
